2022-12-14 11:03:35,603 INFO PERFORMANCE:|1|1|8|8

2022-12-14 11:08:35,619 INFO PERFORMANCE:|1|1|-1|-1

2022-12-14 11:13:35,623 INFO PERFORMANCE:|1|1|-1|-1

2022-12-14 11:18:35,630 INFO PERFORMANCE:|1|1|-1|-1

2022-12-14 11:23:35,637 INFO PERFORMANCE:|1|1|-1|-1

2022-12-14 11:28:35,648 INFO PERFORMANCE:|1|1|-1|-1

2022-12-14 11:33:35,654 INFO PERFORMANCE:|1|1|-1|-1

2022-12-14 11:38:35,668 INFO PERFORMANCE:|1|1|-1|-1

2022-12-14 11:43:35,678 INFO PERFORMANCE:|1|1|-1|-1

2022-12-14 11:48:35,679 INFO PERFORMANCE:|1|1|-1|-1

2022-12-14 11:53:35,682 INFO PERFORMANCE:|1|1|-1|-1

2022-12-14 11:58:35,695 INFO PERFORMANCE:|1|1|-1|-1

2022-12-14 12:03:35,708 INFO PERFORMANCE:|1|1|-1|-1

2022-12-14 12:08:35,721 INFO PERFORMANCE:|1|1|-1|-1

2022-12-14 12:13:35,727 INFO PERFORMANCE:|1|1|-1|-1

2022-12-14 12:18:35,739 INFO PERFORMANCE:|1|1|-1|-1

2022-12-14 12:23:35,750 INFO PERFORMANCE:|1|1|-1|-1

2022-12-14 12:28:35,758 INFO PERFORMANCE:|1|1|-1|-1

2022-12-14 12:33:35,773 INFO PERFORMANCE:|1|1|-1|-1

2022-12-14 12:38:35,773 INFO PERFORMANCE:|1|1|-1|-1

2022-12-14 17:13:57,468 INFO PERFORMANCE:|1|1|7|7

2022-12-14 17:18:57,477 INFO PERFORMANCE:|1|1|-1|-1

2022-12-14 17:23:57,479 INFO PERFORMANCE:|1|1|-1|-1

2022-12-14 17:28:57,492 INFO PERFORMANCE:|1|1|-1|-1

2022-12-14 17:33:57,498 INFO PERFORMANCE:|1|1|-1|-1

